This is pdfTeX, Version 3.14159265-2.6-1.40.17 (MiKTeX 2.9.6210 64-bit) (preloaded format=pdflatex 2017.9.8)  28 APR 2018 15:04
entering extended mode
**./JohnThesis.tex
(JohnThesis.tex
LaTeX2e <2016/03/31> patch level 3
Babel <3.9r> and hyphenation patterns for 75 language(s) loaded.
(thesis.cls
Document Class: thesis 2014/06/01
("C:\Program Files\MiKTeX 2.9\tex\latex\base\report.cls"
Document Class: report 2014/09/29 v1.4h Standard LaTeX document class
("C:\Program Files\MiKTeX 2.9\tex\latex\base\size12.clo"
File: size12.clo 2014/09/29 v1.4h Standard LaTeX file (size option)
)
\c@part=\count79
\c@chapter=\count80
\c@section=\count81
\c@subsection=\count82
\c@subsubsection=\count83
\c@paragraph=\count84
\c@subparagraph=\count85
\c@figure=\count86
\c@table=\count87
\abovecaptionskip=\skip41
\belowcaptionskip=\skip42
\bibindent=\dimen102
) ("C:\Program Files\MiKTeX 2.9\tex\latex\setspace\setspace.sty"
Package: setspace 2011/12/19 v6.7a set line spacing
) ("C:\Program Files\MiKTeX 2.9\tex\latex\caption\caption.sty"
Package: caption 2016/02/21 v3.3-144 Customizing captions (AR)

("C:\Program Files\MiKTeX 2.9\tex\latex\caption\caption3.sty"
Package: caption3 2016/05/22 v1.7-166 caption3 kernel (AR)
Package caption3 Info: TeX engine: e-TeX on input line 67.
 ("C:\Program Files\MiKTeX 2.9\tex\latex\graphics\keyval.sty"
Package: keyval 2014/10/28 v1.15 key=value parser (DPC)
\KV@toks@=\toks14
)
\captionmargin=\dimen103
\captionmargin@=\dimen104
\captionwidth=\dimen105
\caption@tempdima=\dimen106
\caption@indent=\dimen107
\caption@parindent=\dimen108
\caption@hangindent=\dimen109
)
\c@ContinuedFloat=\count88
) ("C:\Program Files\MiKTeX 2.9\tex\latex\appendix\appendix.sty"
Package: appendix 2009/09/02 v1.2b extra appendix facilities
\c@@pps=\count89
\c@@ppsavesec=\count90
\c@@ppsaveapp=\count91
)
("C:\Program Files\MiKTeX 2.9\tex\latex\graphics\graphicx.sty"
Package: graphicx 2014/10/28 v1.0g Enhanced LaTeX Graphics (DPC,SPQR)

("C:\Program Files\MiKTeX 2.9\tex\latex\graphics\graphics.sty"
Package: graphics 2016/07/10 v1.0t Standard LaTeX Graphics (DPC,SPQR)
 ("C:\Program Files\MiKTeX 2.9\tex\latex\graphics\trig.sty"
Package: trig 2016/01/03 v1.10 sin cos tan (DPC)
) ("C:\Program Files\MiKTeX 2.9\tex\latex\graphics-cfg\graphics.cfg"
File: graphics.cfg 2016/06/04 v1.11 sample graphics configuration
)
Package graphics Info: Driver file: pdftex.def on input line 99.

("C:\Program Files\MiKTeX 2.9\tex\latex\graphics-def\pdftex.def"
File: pdftex.def 2016/07/10 v0.06j Graphics/color for pdfTeX

("C:\Program Files\MiKTeX 2.9\tex\generic\oberdiek\infwarerr.sty"
Package: infwarerr 2016/05/16 v1.4 Providing info/warning/error messages (HO)
)
("C:\Program Files\MiKTeX 2.9\tex\generic\oberdiek\ltxcmds.sty"
Package: ltxcmds 2016/05/16 v1.23 LaTeX kernel commands for general use (HO)
)
\Gread@gobject=\count92
))
\Gin@req@height=\dimen110
\Gin@req@width=\dimen111
)
("C:\Program Files\MiKTeX 2.9\tex\latex\amsmath\amsmath.sty"
Package: amsmath 2016/06/28 v2.15d AMS math features
\@mathmargin=\skip43

For additional information on amsmath, use the `?' option.
("C:\Program Files\MiKTeX 2.9\tex\latex\amsmath\amstext.sty"
Package: amstext 2000/06/29 v2.01 AMS text
 ("C:\Program Files\MiKTeX 2.9\tex\latex\amsmath\amsgen.sty"
File: amsgen.sty 1999/11/30 v2.0 generic functions
\@emptytoks=\toks15
\ex@=\dimen112
)) ("C:\Program Files\MiKTeX 2.9\tex\latex\amsmath\amsbsy.sty"
Package: amsbsy 1999/11/29 v1.2d Bold Symbols
\pmbraise@=\dimen113
)
("C:\Program Files\MiKTeX 2.9\tex\latex\amsmath\amsopn.sty"
Package: amsopn 2016/03/08 v2.02 operator names
)
\inf@bad=\count93
LaTeX Info: Redefining \frac on input line 199.
\uproot@=\count94
\leftroot@=\count95
LaTeX Info: Redefining \overline on input line 297.
\classnum@=\count96
\DOTSCASE@=\count97
LaTeX Info: Redefining \ldots on input line 394.
LaTeX Info: Redefining \dots on input line 397.
LaTeX Info: Redefining \cdots on input line 518.
\Mathstrutbox@=\box26
\strutbox@=\box27
\big@size=\dimen114
LaTeX Font Info:    Redeclaring font encoding OML on input line 634.
LaTeX Font Info:    Redeclaring font encoding OMS on input line 635.
\macc@depth=\count98
\c@MaxMatrixCols=\count99
\dotsspace@=\muskip10
\c@parentequation=\count100
\dspbrk@lvl=\count101
\tag@help=\toks16
\row@=\count102
\column@=\count103
\maxfields@=\count104
\andhelp@=\toks17
\eqnshift@=\dimen115
\alignsep@=\dimen116
\tagshift@=\dimen117
\tagwidth@=\dimen118
\totwidth@=\dimen119
\lineht@=\dimen120
\@envbody=\toks18
\multlinegap=\skip44
\multlinetaggap=\skip45
\mathdisplay@stack=\toks19
LaTeX Info: Redefining \[ on input line 2739.
LaTeX Info: Redefining \] on input line 2740.
)
("C:\Program Files\MiKTeX 2.9\tex\latex\multirow\multirow.sty"
Package: multirow 2016/11/25 v2.2 Span multiple rows of a table
\multirow@colwidth=\skip46
\multirow@cntb=\count105
\multirow@dima=\skip47
\bigstrutjot=\dimen121
) ("C:\Program Files\MiKTeX 2.9\tex\latex\tools\hhline.sty"
Package: hhline 2014/10/28 v2.03 Table rule package (DPC)
) ("C:\Program Files\MiKTeX 2.9\tex\latex\url\url.sty"
\Urlmuskip=\muskip11
Package: url 2013/09/16  ver 3.4  Verb mode for urls, etc.
)
("C:\Program Files\MiKTeX 2.9\tex\latex\frankenstein\newclude.sty"
Package: newclude 1999/11/02 v2 A new system for including files (Frankenstein's backbone)

("C:\Program Files\MiKTeX 2.9\tex\latex\frankenstein\moredefs.sty"
Package: moredefs 2001/08/31 v1.8 more defining commands (Frankenstein's brain)
\sc@toks@a=\toks20
\sc@toks@b=\toks21
)
\nc@toks@a=\toks22
\c@IncludeDepth=\count106
)
("C:\Program Files\MiKTeX 2.9\tex\latex\frankenstein\tag.sto")
("C:\Program Files\MiKTeX 2.9\tex\latex\breakcites\breakcites.sty")
("C:\Program Files\MiKTeX 2.9\tex\latex\tocloft\tocloft.sty"
Package: tocloft 2017/08/31 v2.3i parameterised ToC, etc., typesetting
Package tocloft Info: The document has chapter divisions on input line 51.
\cftparskip=\skip48
\cftbeforetoctitleskip=\skip49
\cftaftertoctitleskip=\skip50
\cftbeforepartskip=\skip51
\cftpartnumwidth=\skip52
\cftpartindent=\skip53
\cftbeforechapskip=\skip54
\cftchapindent=\skip55
\cftchapnumwidth=\skip56
\cftbeforesecskip=\skip57
\cftsecindent=\skip58
\cftsecnumwidth=\skip59
\cftbeforesubsecskip=\skip60
\cftsubsecindent=\skip61
\cftsubsecnumwidth=\skip62
\cftbeforesubsubsecskip=\skip63
\cftsubsubsecindent=\skip64
\cftsubsubsecnumwidth=\skip65
\cftbeforeparaskip=\skip66
\cftparaindent=\skip67
\cftparanumwidth=\skip68
\cftbeforesubparaskip=\skip69
\cftsubparaindent=\skip70
\cftsubparanumwidth=\skip71
\cftbeforeloftitleskip=\skip72
\cftafterloftitleskip=\skip73
\cftbeforefigskip=\skip74
\cftfigindent=\skip75
\cftfignumwidth=\skip76
\c@lofdepth=\count107
\c@lotdepth=\count108
\cftbeforelottitleskip=\skip77
\cftafterlottitleskip=\skip78
\cftbeforetabskip=\skip79
\cfttabindent=\skip80
\cfttabnumwidth=\skip81
)
("C:\Program Files\MiKTeX 2.9\tex\latex\fancyhdr\fancyhdr.sty"
Package: fancyhdr 2017/06/30 v3.9a Extensive control of page headers and footers
\f@nch@headwidth=\skip82
\f@nch@O@elh=\skip83
\f@nch@O@erh=\skip84
\f@nch@O@olh=\skip85
\f@nch@O@orh=\skip86
\f@nch@O@elf=\skip87
\f@nch@O@erf=\skip88
\f@nch@O@olf=\skip89
\f@nch@O@orf=\skip90
)
("C:\Program Files\MiKTeX 2.9\tex\latex\ncctools\manyfoot.sty"
Package: manyfoot 2005/09/11 v1.10 Many Footnote Levels Package (NCC)

("C:\Program Files\MiKTeX 2.9\tex\latex\ncctools\nccfoots.sty"
Package: nccfoots 2005/02/03 v1.2 NCC Footnotes Package (NCC)
)
\MFL@columnwidth=\dimen122
)
\footinsA=\insert199
\c@footnoteA=\count109
)
("C:\Program Files\MiKTeX 2.9\tex\latex\tools\indentfirst.sty"
Package: indentfirst 1995/11/23 v1.03 Indent first paragraph (DPC)
) ("C:\Program Files\MiKTeX 2.9\tex\latex\lipsum\lipsum.sty"
Package: lipsum 2014/07/27 v1.3 150 paragraphs of Lorem Ipsum dummy text
\c@lips@count=\count110
) ("C:\Program Files\MiKTeX 2.9\tex\latex\hyperref\hyperref.sty"
Package: hyperref 2016/06/24 v6.83q Hypertext links for LaTeX

("C:\Program Files\MiKTeX 2.9\tex\generic\oberdiek\hobsub-hyperref.sty"
Package: hobsub-hyperref 2016/05/16 v1.14 Bundle oberdiek, subset hyperref (HO)

("C:\Program Files\MiKTeX 2.9\tex\generic\oberdiek\hobsub-generic.sty"
Package: hobsub-generic 2016/05/16 v1.14 Bundle oberdiek, subset generic (HO)
Package: hobsub 2016/05/16 v1.14 Construct package bundles (HO)
Package hobsub Info: Skipping package `infwarerr' (already loaded).
Package hobsub Info: Skipping package `ltxcmds' (already loaded).
Package: ifluatex 2016/05/16 v1.4 Provides the ifluatex switch (HO)
Package ifluatex Info: LuaTeX not detected.
Package: ifvtex 2016/05/16 v1.6 Detect VTeX and its facilities (HO)
Package ifvtex Info: VTeX not detected.
Package: intcalc 2016/05/16 v1.2 Expandable calculations with integers (HO)
Package: ifpdf 2016/05/14 v3.1 Provides the ifpdf switch
Package: etexcmds 2016/05/16 v1.6 Avoid name clashes with e-TeX commands (HO)
Package etexcmds Info: Could not find \expanded.
(etexcmds)             That can mean that you are not using pdfTeX 1.50 or
(etexcmds)             that some package has redefined \expanded.
(etexcmds)             In the latter case, load this package earlier.
Package: kvsetkeys 2016/05/16 v1.17 Key value parser (HO)
Package: kvdefinekeys 2016/05/16 v1.4 Define keys (HO)
Package: pdftexcmds 2016/05/21 v0.22 Utility functions of pdfTeX for LuaTeX (HO)
Package pdftexcmds Info: LuaTeX not detected.
Package pdftexcmds Info: \pdf@primitive is available.
Package pdftexcmds Info: \pdf@ifprimitive is available.
Package pdftexcmds Info: \pdfdraftmode found.
Package: pdfescape 2016/05/16 v1.14 Implements pdfTeX's escape features (HO)
Package: bigintcalc 2016/05/16 v1.4 Expandable calculations on big integers (HO)
Package: bitset 2016/05/16 v1.2 Handle bit-vector datatype (HO)
Package: uniquecounter 2016/05/16 v1.3 Provide unlimited unique counter (HO)
)
Package hobsub Info: Skipping package `hobsub' (already loaded).
Package: letltxmacro 2016/05/16 v1.5 Let assignment for LaTeX macros (HO)
Package: hopatch 2016/05/16 v1.3 Wrapper for package hooks (HO)
Package: xcolor-patch 2016/05/16 xcolor patch
Package: atveryend 2016/05/16 v1.9 Hooks at the very end of document (HO)
Package atveryend Info: \enddocument detected (standard20110627).
Package: atbegshi 2016/06/09 v1.18 At begin shipout hook (HO)
Package: refcount 2016/05/16 v3.5 Data extraction from label references (HO)
Package: hycolor 2016/05/16 v1.8 Color options for hyperref/bookmark (HO)
)
("C:\Program Files\MiKTeX 2.9\tex\generic\ifxetex\ifxetex.sty"
Package: ifxetex 2010/09/12 v0.6 Provides ifxetex conditional
)
("C:\Program Files\MiKTeX 2.9\tex\latex\oberdiek\auxhook.sty"
Package: auxhook 2016/05/16 v1.4 Hooks for auxiliary files (HO)


Package auxhook Warning: Cannot patch \document,
(auxhook)                using \AtBeginDocument instead.

) ("C:\Program Files\MiKTeX 2.9\tex\latex\oberdiek\kvoptions.sty"
Package: kvoptions 2016/05/16 v3.12 Key value format for package options (HO)
)
\@linkdim=\dimen123
\Hy@linkcounter=\count111
\Hy@pagecounter=\count112

("C:\Program Files\MiKTeX 2.9\tex\latex\hyperref\pd1enc.def"
File: pd1enc.def 2016/06/24 v6.83q Hyperref: PDFDocEncoding definition (HO)
)
\Hy@SavedSpaceFactor=\count113

("C:\Program Files\MiKTeX 2.9\tex\latex\00miktex\hyperref.cfg"
File: hyperref.cfg 2002/06/06 v1.2 hyperref configuration of TeXLive
)
Package hyperref Info: Hyper figures OFF on input line 4486.
Package hyperref Info: Link nesting OFF on input line 4491.
Package hyperref Info: Hyper index ON on input line 4494.
Package hyperref Info: Plain pages OFF on input line 4501.
Package hyperref Info: Backreferencing OFF on input line 4506.
Package hyperref Info: Implicit mode ON; LaTeX internals redefined.
Package hyperref Info: Bookmarks ON on input line 4735.
\c@Hy@tempcnt=\count114
LaTeX Info: Redefining \url on input line 5088.
\XeTeXLinkMargin=\dimen124
\Fld@menulength=\count115
\Field@Width=\dimen125
\Fld@charsize=\dimen126
Package hyperref Info: Hyper figures OFF on input line 6342.
Package hyperref Info: Link nesting OFF on input line 6347.
Package hyperref Info: Hyper index ON on input line 6350.
Package hyperref Info: backreferencing OFF on input line 6357.
Package hyperref Info: Link coloring OFF on input line 6362.
Package hyperref Info: Link coloring with OCG OFF on input line 6367.
Package hyperref Info: PDF/A mode OFF on input line 6372.
LaTeX Info: Redefining \ref on input line 6412.
LaTeX Info: Redefining \pageref on input line 6416.
\Hy@abspage=\count116
\c@Item=\count117
\c@Hfootnote=\count118
)

Package hyperref Message: Driver (autodetected): hpdftex.

("C:\Program Files\MiKTeX 2.9\tex\latex\hyperref\hpdftex.def"
File: hpdftex.def 2016/06/24 v6.83q Hyperref driver for pdfTeX
\Fld@listcount=\count119
\c@bookmark@seq@number=\count120

("C:\Program Files\MiKTeX 2.9\tex\latex\oberdiek\rerunfilecheck.sty"
Package: rerunfilecheck 2016/05/16 v1.8 Rerun checks for auxiliary files (HO)
Package uniquecounter Info: New unique counter `rerunfilecheck' on input line 282.
)
\Hy@SectionHShift=\skip91
)
("C:\Program Files\MiKTeX 2.9\tex\latex\oberdiek\bookmark.sty"
Package: bookmark 2016/05/17 v1.26 PDF bookmarks (HO)

("C:\Program Files\MiKTeX 2.9\tex\latex\oberdiek\bkm-pdftex.def"
File: bkm-pdftex.def 2016/05/17 v1.26 bookmark driver for pdfTeX (HO)
\BKM@id=\count121
))
("C:\Program Files\MiKTeX 2.9\tex\latex\tools\xspace.sty"
Package: xspace 2014/10/28 v1.13 Space after command names (DPC,MH)
) (JohnThesis.aux)
\openout1 = `JohnThesis.aux'.

LaTeX Font Info:    Checking defaults for OML/cmm/m/it on input line 48.
LaTeX Font Info:    ... okay on input line 48.
LaTeX Font Info:    Checking defaults for T1/cmr/m/n on input line 48.
LaTeX Font Info:    ... okay on input line 48.
LaTeX Font Info:    Checking defaults for OT1/cmr/m/n on input line 48.
LaTeX Font Info:    ... okay on input line 48.
LaTeX Font Info:    Checking defaults for OMS/cmsy/m/n on input line 48.
LaTeX Font Info:    ... okay on input line 48.
LaTeX Font Info:    Checking defaults for OMX/cmex/m/n on input line 48.
LaTeX Font Info:    ... okay on input line 48.
LaTeX Font Info:    Checking defaults for U/cmr/m/n on input line 48.
LaTeX Font Info:    ... okay on input line 48.
LaTeX Font Info:    Checking defaults for PD1/pdf/m/n on input line 48.
LaTeX Font Info:    ... okay on input line 48.
Package caption Info: Begin \AtBeginDocument code.
Package caption Info: hyperref package is loaded.
Package caption Info: End \AtBeginDocument code.

("C:\Program Files\MiKTeX 2.9\tex\context\base\supp-pdf.mkii"
[Loading MPS to PDF converter (version 2006.09.02).]
\scratchcounter=\count122
\scratchdimen=\dimen127
\scratchbox=\box28
\nofMPsegments=\count123
\nofMParguments=\count124
\everyMPshowfont=\toks23
\MPscratchCnt=\count125
\MPscratchDim=\dimen128
\MPnumerator=\count126
\makeMPintoPDFobject=\count127
\everyMPtoPDFconversion=\toks24
) ("C:\Program Files\MiKTeX 2.9\tex\latex\oberdiek\epstopdf-base.sty"
Package: epstopdf-base 2016/05/15 v2.6 Base part for package epstopdf

("C:\Program Files\MiKTeX 2.9\tex\latex\oberdiek\grfext.sty"
Package: grfext 2016/05/16 v1.2 Manage graphics extensions (HO)
)
Package epstopdf-base Info: Redefining graphics rule for `.eps' on input line 438.
Package grfext Info: Graphics extension search list:
(grfext)             [.png,.pdf,.jpg,.mps,.jpeg,.jbig2,.jb2,.PNG,.PDF,.JPG,.JPEG,.JBIG2,.JB2,.eps]
(grfext)             \AppendGraphicsExtensions on input line 456.
)
\AtBeginShipoutBox=\box29
Package hyperref Info: Link coloring OFF on input line 48.

("C:\Program Files\MiKTeX 2.9\tex\latex\hyperref\nameref.sty"
Package: nameref 2016/05/21 v2.44 Cross-referencing by name of section

("C:\Program Files\MiKTeX 2.9\tex\generic\oberdiek\gettitlestring.sty"
Package: gettitlestring 2016/05/16 v1.5 Cleanup title references (HO)
)
\c@section@level=\count128
)
LaTeX Info: Redefining \ref on input line 48.
LaTeX Info: Redefining \pageref on input line 48.
LaTeX Info: Redefining \nameref on input line 48.
 [1


{C:/ProgramData/MiKTeX/2.9/pdftex/config/pdftex.map}]
Overfull \hbox (5.67276pt too wide) in alignment at lines 48--48
[]
 []


Underfull \hbox (badness 10000) in alignment at lines 48--48
[]
 []


Underfull \hbox (badness 10000) in alignment at lines 48--48
[]
 []


Underfull \hbox (badness 10000) in alignment at lines 48--48
[]
 []


Underfull \hbox (badness 10000) in alignment at lines 48--48
[]
 []

[2

]pdfTeX warning (ext4): destination with the same identifier (name{page.i}) has been already used, duplicate ignored
<to be read again> 
                   \relax 
l.48 \begin{document}
                      [1] (JohnThesis.toc)
\tf@toc=\write3
\openout3 = `JohnThesis.toc'.

pdfTeX warning (ext4): destination with the same identifier (name{page.ii}) has been already used, duplicate ignored
<to be read again> 
                   \relax 
l.48 \begin{document}
                      [2


] (JohnThesis.lof
Overfull \hbox (2.62692pt too wide) in paragraph at lines 13--13
 [][] [][]\OT1/cmr/m/n/12 Charge dis-tri-bu-tion for a sin-gle chan-nel (ieta=19, iphi=5, and depth=2) 
 []


Overfull \hbox (2.62692pt too wide) in paragraph at lines 15--15
 [][] [][]\OT1/cmr/m/n/12 Charge dis-tri-bu-tion for a sin-gle chan-nel (ieta=19, iphi=5, and depth=2) 
 []

[3


] [4])
\tf@lof=\write4
\openout4 = `JohnThesis.lof'.

 [5] [6

]
**************************
Chapter 1
(intro.tex [1


] [2] [3] [4] <Figures/higgsmeasurement.png, id=214, 1185.42876pt x 1151.30125pt>
File: Figures/higgsmeasurement.png Graphic file (type png)

<use Figures/higgsmeasurement.png>
Package pdftex.def Info: Figures/higgsmeasurement.png used on input line 55.
(pdftex.def)             Requested size: 260.17464pt x 252.6722pt.
 [5]) [6 <./Figures/higgsmeasurement.png>]
**************************
Chapter 2
(LHC_CMS.tex <Figures/LHC.jpg, id=234, 2409.0pt x 1806.75pt>
File: Figures/LHC.jpg Graphic file (type jpg)
 <use Figures/LHC.jpg>
Package pdftex.def Info: Figures/LHC.jpg used on input line 8.
(pdftex.def)             Requested size: 346.89731pt x 260.16629pt.
 [7

]
<Figures/acceleratorcomplex.jpg, id=243, 2125.9425pt x 1619.04875pt>
File: Figures/acceleratorcomplex.jpg Graphic file (type jpg)
 <use Figures/acceleratorcomplex.jpg>
Package pdftex.def Info: Figures/acceleratorcomplex.jpg used on input line 17.
(pdftex.def)             Requested size: 346.89731pt x 264.16696pt.
 [8 <./Figures/LHC.jpg>] [9 <./Figures/acceleratorcomplex.jpg>] <Figures/CMSlayout.jpg, id=257, 633.11531pt x 376.40625p
t>
File: Figures/CMSlayout.jpg Graphic file (type jpg)

<use Figures/CMSlayout.jpg>
Package pdftex.def Info: Figures/CMSlayout.jpg used on input line 31.
(pdftex.def)             Requested size: 433.62pt x 257.808pt.
 <Figures/Tile.png, id=263, 267.24844pt x 255.95625pt>
File: Figures/Tile.png Graphic file (type png)
 <use Figures/Tile.png>
Package pdftex.def Info: Figures/Tile.png used on input line 40.
(pdftex.def)             Requested size: 260.17464pt x 249.20677pt.
 [10] [11 <./Figures/CMSlayout.jpg>] <Figures/Depthsegmentation.pdf, id=280, 775.0671pt x 426.14043pt>
File: Figures/Depthsegmentation.pdf Graphic file (type pdf)

<use Figures/Depthsegmentation.pdf>
Package pdftex.def Info: Figures/Depthsegmentation.pdf used on input line 51.
(pdftex.def)             Requested size: 433.62pt x 238.40942pt.
 [12 <./Figures/Tile.png>] [13 <./Figures/Depthsegmentation.pdf>]
<Figures/SiPM.jpg, id=311, 406.1574pt x 158.994pt>
File: Figures/SiPM.jpg Graphic file (type jpg)
 <use Figures/SiPM.jpg>
Package pdftex.def Info: Figures/SiPM.jpg used on input line 63.
(pdftex.def)             Requested size: 433.62pt x 169.74342pt.
) [14 <./Figures/SiPM.jpg>]
**************************
Chapter 3
(TestAna.tex [15

] <Figures/Teststand.png, id=328, 343.2825pt x 493.845pt>
File: Figures/Teststand.png Graphic file (type png)
 <use Figures/Teststand.png>
Package pdftex.def Info: Figures/Teststand.png used on input line 10.
(pdftex.def)             Requested size: 260.17464pt x 374.2862pt.
 [16] [17 <./Figures/Teststand.png>] <Figures/eplot.png, id=340, 722.7pt x 506.6428pt>
File: Figures/eplot.png Graphic file (type png)
 <use Figures/eplot.png>
Package pdftex.def Info: Figures/eplot.png used on input line 25.
(pdftex.def)             Requested size: 433.62pt x 303.98802pt.

<Figures/MuonCharge.pdf, id=344, 569.12625pt x 569.12625pt>
File: Figures/MuonCharge.pdf Graphic file (type pdf)
 <use Figures/MuonCharge.pdf>
Package pdftex.def Info: Figures/MuonCharge.pdf used on input line 34.
(pdftex.def)             Requested size: 303.53267pt x 303.54599pt.
 [18] [19 <./Figures/eplot.png>] <Figures/pionrun1.pdf, id=353, 569.12625pt x 489.83pt>
File: Figures/pionrun1.pdf Graphic file (type pdf)
 <use Figures/pionrun1.pdf>
Package pdftex.def Info: Figures/pionrun1.pdf used on input line 41.
(pdftex.def)             Requested size: 214.63977pt x 184.73218pt.

<Figures/pionrun.pdf, id=354, 569.12625pt x 489.83pt>
File: Figures/pionrun.pdf Graphic file (type pdf)
 <use Figures/pionrun.pdf>
Package pdftex.def Info: Figures/pionrun.pdf used on input line 42.
(pdftex.def)             Requested size: 214.63977pt x 184.73218pt.

<Figures/pionrun2.pdf, id=355, 569.12625pt x 489.83pt>
File: Figures/pionrun2.pdf Graphic file (type pdf)
 <use Figures/pionrun2.pdf>
Package pdftex.def Info: Figures/pionrun2.pdf used on input line 43.
(pdftex.def)             Requested size: 214.63977pt x 184.73218pt.

<Figures/pioncharge.pdf, id=357, 569.12625pt x 569.12625pt>
File: Figures/pioncharge.pdf Graphic file (type pdf)
 <use Figures/pioncharge.pdf>
Package pdftex.def Info: Figures/pioncharge.pdf used on input line 52.
(pdftex.def)             Requested size: 303.53267pt x 303.54599pt.
 [20 <./Figures/MuonCharge.pdf>] [21 <./Figures/pionrun1.pdf, page is rotated 90 degrees> <./Figures/pionrun.pdf, page i
s rotated 90 degrees> <./Figures/pionrun2.pdf, page is rotated 90 degrees>] [22 <./Figures/pioncharge.pdf>]
<Figures/Logplot.pdf, id=588, 569.12625pt x 551.05875pt>
File: Figures/Logplot.pdf Graphic file (type pdf)
 <use Figures/Logplot.pdf>
Package pdftex.def Info: Figures/Logplot.pdf used on input line 61.
(pdftex.def)             Requested size: 303.53267pt x 293.90959pt.
 [23] [24 <./Figures/Logplot.pdf, page is rotated 90 degrees>] <Figures/Pulse.pdf, id=642, 569.12625pt x 569.12625pt>
File: Figures/Pulse.pdf Graphic file (type pdf)
 <use Figures/Pulse.pdf>
Package pdftex.def Info: Figures/Pulse.pdf used on input line 70.
(pdftex.def)             Requested size: 260.17464pt x 260.186pt.

<Figures/TDCvTrigPhase.pdf, id=644, 569.12625pt x 252.945pt>
File: Figures/TDCvTrigPhase.pdf Graphic file (type pdf)
 <use Figures/TDCvTrigPhase.pdf>
Package pdftex.def Info: Figures/TDCvTrigPhase.pdf used on input line 79.
(pdftex.def)             Requested size: 433.62pt x 192.73036pt.
 [25 <./Figures/Pulse.pdf>]
[26 <./Figures/TDCvTrigPhase.pdf, page is rotated 90 degrees>] <Figures/Bin.pdf, id=742, 569.12625pt x 551.05875pt>
File: Figures/Bin.pdf Graphic file (type pdf)

<use Figures/Bin.pdf>
Package pdftex.def Info: Figures/Bin.pdf used on input line 88.
(pdftex.def)             Requested size: 260.17464pt x 251.92612pt.
 <Figures/Phase.pdf, id=743, 569.12625pt x 551.05875pt>
File: Figures/Phase.pdf Graphic file (type pdf)
 <use Figures/Phase.pdf>
Package pdftex.def Info: Figures/Phase.pdf used on input line 95.
(pdftex.def)             Requested size: 260.17464pt x 251.92612pt.

<Figures/FittedPlot.pdf, id=744, 569.12625pt x 551.05875pt>
File: Figures/FittedPlot.pdf Graphic file (type pdf)
 <use Figures/FittedPlot.pdf>
Package pdftex.def Info: Figures/FittedPlot.pdf used on input line 102.
(pdftex.def)             Requested size: 260.17464pt x 251.92612pt.
 [27 <./Figures/Bin.pdf, page is rotated 90 degrees>] [28 <./Figures/Phase.pdf, page is rotated 90 degrees> <./Figures/F
ittedPlot.pdf, page is rotated 90 degrees>] <Figures/10FittedPlot.pdf, id=884, 569.12625pt x 551.05875pt>
File: Figures/10FittedPlot.pdf Graphic file (type pdf)
 <use Figures/10FittedPlot.pdf>
Package pdftex.def Info: Figures/10FittedPlot.pdf used on input line 113.
(pdftex.def)             Requested size: 173.44534pt x 167.94234pt.

<Figures/29FittedPlot.pdf, id=885, 569.12625pt x 551.05875pt>
File: Figures/29FittedPlot.pdf Graphic file (type pdf)
 <use Figures/29FittedPlot.pdf>
Package pdftex.def Info: Figures/29FittedPlot.pdf used on input line 114.
(pdftex.def)             Requested size: 173.44534pt x 167.94234pt.

<Figures/50FittedPlot.pdf, id=886, 569.12625pt x 551.05875pt>
File: Figures/50FittedPlot.pdf Graphic file (type pdf)
 <use Figures/50FittedPlot.pdf>
Package pdftex.def Info: Figures/50FittedPlot.pdf used on input line 115.
(pdftex.def)             Requested size: 173.44534pt x 167.94234pt.

<Figures/80FittedPlot.pdf, id=887, 569.12625pt x 551.05875pt>
File: Figures/80FittedPlot.pdf Graphic file (type pdf)
 <use Figures/80FittedPlot.pdf>
Package pdftex.def Info: Figures/80FittedPlot.pdf used on input line 116.
(pdftex.def)             Requested size: 173.44534pt x 167.94234pt.

<Figures/125FittedPlot.pdf, id=888, 569.12625pt x 551.05875pt>
File: Figures/125FittedPlot.pdf Graphic file (type pdf)
 <use Figures/125FittedPlot.pdf>
Package pdftex.def Info: Figures/125FittedPlot.pdf used on input line 117.
(pdftex.def)             Requested size: 173.44534pt x 167.94234pt.

<Figures/Overlap.pdf, id=889, 569.12625pt x 551.05875pt>
File: Figures/Overlap.pdf Graphic file (type pdf)
 <use Figures/Overlap.pdf>
Package pdftex.def Info: Figures/Overlap.pdf used on input line 124.
(pdftex.def)             Requested size: 346.89731pt x 335.90149pt.
) [29] [30 <./Figures/10FittedPlot.pdf, page is rotated 90 degrees> <./Figures/29FittedPlot.pdf, page is rotated 90 degr
ees> <./Figures/50FittedPlot.pdf, page is rotated 90 degrees> <./Figures/80FittedPlot.pdf, page is rotated 90 degrees> <
./Figures/125FittedPlot.pdf, page is rotated 90 degrees>] [31 <./Figures/Overlap.pdf, page is rotated 90 degrees>]
**************************
Chapter 4
(SimAna.tex [32

] <Figures/Y11.pdf, id=1168, 569.12625pt x 551.05875pt>
File: Figures/Y11.pdf Graphic file (type pdf)
 <use Figures/Y11.pdf>
Package pdftex.def Info: Figures/Y11.pdf used on input line 9.
(pdftex.def)             Requested size: 346.89731pt x 335.90149pt.
 [33 <./Figures/Y11.pdf, page is rotated 90 degrees>] <Figures/SimNon.png, id=1217, 511.6716pt x 410.9754pt>
File: Figures/SimNon.png Graphic file (type png)
 <use Figures/SimNon.png>
Package pdftex.def Info: Figures/SimNon.png used on input line 20.
(pdftex.def)             Requested size: 346.89731pt x 278.6318pt.

<Figures/LaserNonLin.png, id=1220, 578.16pt x 283.81032pt>
File: Figures/LaserNonLin.png Graphic file (type png)
 <use Figures/LaserNonLin.png>
Package pdftex.def Info: Figures/LaserNonLin.png used on input line 29.
(pdftex.def)             Requested size: 433.62pt x 212.85721pt.

<Figures/CorFac.png, id=1221, 433.62pt x 252.945pt>
File: Figures/CorFac.png Graphic file (type png)
 <use Figures/CorFac.png>
Package pdftex.def Info: Figures/CorFac.png used on input line 36.
(pdftex.def)             Requested size: 433.62pt x 252.95595pt.
 [34] [35 <./Figures/SimNon.png>]
<Figures/trc.pdf, id=1233, 569.12625pt x 551.05875pt>
File: Figures/trc.pdf Graphic file (type pdf)
 <use Figures/trc.pdf>
Package pdftex.def Info: Figures/trc.pdf used on input line 45.
(pdftex.def)             Requested size: 346.89731pt x 335.90149pt.

<Figures/SimPul.pdf, id=1235, 569.12625pt x 551.05875pt>
File: Figures/SimPul.pdf Graphic file (type pdf)
 <use Figures/SimPul.pdf>
Package pdftex.def Info: Figures/SimPul.pdf used on input line 54.
(pdftex.def)             Requested size: 346.89731pt x 335.90149pt.
 [36 <./Figures/LaserNonLin.png>]
[37 <./Figures/CorFac.png>] [38 <./Figures/trc.pdf, page is rotated 90 degrees>] [39 <./Figures/SimPul.pdf, page is rota
ted 90 degrees>] <Figures/10Comparison.pdf, id=1342, 569.12625pt x 551.05875pt>
File: Figures/10Comparison.pdf Graphic file (type pdf)
 <use Figures/10Comparison.pdf>
Package pdftex.def Info: Figures/10Comparison.pdf used on input line 63.
(pdftex.def)             Requested size: 214.63977pt x 207.8237pt.

<Figures/29Comparison.pdf, id=1343, 569.12625pt x 551.05875pt>
File: Figures/29Comparison.pdf Graphic file (type pdf)
 <use Figures/29Comparison.pdf>
Package pdftex.def Info: Figures/29Comparison.pdf used on input line 64.
(pdftex.def)             Requested size: 214.63977pt x 207.8237pt.

<Figures/50Comparison.pdf, id=1344, 569.12625pt x 551.05875pt>
File: Figures/50Comparison.pdf Graphic file (type pdf)
 <use Figures/50Comparison.pdf>
Package pdftex.def Info: Figures/50Comparison.pdf used on input line 71.
(pdftex.def)             Requested size: 214.63977pt x 207.8237pt.

<Figures/80Comparison.pdf, id=1345, 569.12625pt x 551.05875pt>
File: Figures/80Comparison.pdf Graphic file (type pdf)
 <use Figures/80Comparison.pdf>
Package pdftex.def Info: Figures/80Comparison.pdf used on input line 72.
(pdftex.def)             Requested size: 214.63977pt x 207.8237pt.

<Figures/125Comparison.pdf, id=1346, 569.12625pt x 551.05875pt>
File: Figures/125Comparison.pdf Graphic file (type pdf)
 <use Figures/125Comparison.pdf>
Package pdftex.def Info: Figures/125Comparison.pdf used on input line 73.
(pdftex.def)             Requested size: 214.63977pt x 207.8237pt.
) [40 <./Figures/10Comparison.pdf, page is rotated 90 degrees> <./Figures/29Comparison.pdf, page is rotated 90 degrees>]
 [41 <./Figures/50Comparison.pdf, page is rotated 90 degrees> <./Figures/80Comparison.pdf, page is rotated 90 degrees> <
./Figures/125Comparison.pdf, page is rotated 90 degrees>] [42]
**************************
Chapter 5
(Conclusions.tex [43

]) (JohnThesis.bbl [44] [45

])
Package atveryend Info: Empty hook `BeforeClearDocument' on input line 76.
 [46]
Package atveryend Info: Empty hook `AfterLastShipout' on input line 76.
 (JohnThesis.aux)
Package atveryend Info: Executing hook `AtVeryEndDocument' on input line 76.
Package atveryend Info: Empty hook `AtEndAfterFileList' on input line 76.
Package atveryend Info: Empty hook `AtVeryVeryEnd' on input line 76.
 ) 
Here is how much of TeX's memory you used:
 8571 strings out of 493333
 128573 string characters out of 3139195
 331643 words of memory out of 3000000
 11826 multiletter control sequences out of 15000+200000
 10502 words of font info for 38 fonts, out of 3000000 for 9000
 1141 hyphenation exceptions out of 8191
 43i,12n,45p,2102b,485s stack positions out of 5000i,500n,10000p,200000b,50000s
<C:/Program Files/MiKTeX 2.9/fonts/type1/public/amsfonts/cm/cmmi12.pfb><C:/Program Files/MiKTeX 2.9/fonts/type1/public
/amsfonts/cm/cmr12.pfb><C:/Program Files/MiKTeX 2.9/fonts/type1/public/amsfonts/cm/cmr8.pfb><C:/Program Files/MiKTeX 2.9
/fonts/type1/public/amsfonts/cm/cmsl12.pfb><C:/Program Files/MiKTeX 2.9/fonts/type1/public/amsfonts/cm/cmsy10.pfb><C:/Pr
ogram Files/MiKTeX 2.9/fonts/type1/public/amsfonts/cm/cmsy8.pfb><C:/Program Files/MiKTeX 2.9/fonts/type1/public/amsfonts
/cm/cmti12.pfb><C:/Program Files/MiKTeX 2.9/fonts/type1/public/amsfonts/cm/cmtt12.pfb>
Output written on JohnThesis.pdf (54 pages, 3477727 bytes).
PDF statistics:
 1707 PDF objects out of 1728 (max. 8388607)
 116 named destinations out of 1000 (max. 500000)
 338 words of extra memory for PDF output out of 10000 (max. 10000000)

